<?xml version="1.0" encoding="UTF-8"?>
<testng-results skipped="0" failed="0" total="0" passed="0">
  <reporter-output>
  </reporter-output>
  <suite name="com.ecommerce.helpers.RunnerTest" duration-ms="1" started-at="2021-04-14T13:30:39Z" finished-at="2021-04-14T13:30:39Z">
    <groups>
    </groups>
    <test name="Command line test" duration-ms="1" started-at="2021-04-14T13:30:39Z" finished-at="2021-04-14T13:30:39Z">
    </test> <!-- Command line test -->
  </suite> <!-- com.ecommerce.helpers.RunnerTest -->
</testng-results>
